TreeCmp version 1.0-b291

Active options:
Type of the analysis: matrix comparison mode (-m)
Metrics:
  1. MatchingCluster (mc)
Input file: frogs_OG.trees
Output file: frogs_OG.dmc_pairs
Additional options:
N - Report normalized distances.
P - Prune compared trees if needed (trees can have different leaf sets).
-----
2019-08-24 00:05:41: Start of reading random statistics.
2019-08-24 00:05:42: End of reading random statistics.
2019-08-24 00:05:42: Start of scanning input file: frogs_OG.trees
2019-08-24 00:05:42: End of scanning input file: frogs_OG.trees
2019-08-24 00:05:42: 95 valid trees found in file: frogs_OG.trees
2019-08-24 00:05:42: Start of calculation...please wait...
2019-08-24 00:05:42: 0.00% completed...
2019-08-24 00:05:43: 5.02% completed...
2019-08-24 00:05:43: 10.03% completed...
2019-08-24 00:05:44: 15.05% completed...
2019-08-24 00:05:44: 20.07% completed...
2019-08-24 00:05:44: 25.08% completed...
2019-08-24 00:05:45: 30.10% completed...
2019-08-24 00:05:45: 35.12% completed...
2019-08-24 00:05:45: 40.13% completed...
2019-08-24 00:05:46: 45.15% completed...
2019-08-24 00:05:46: 50.17% completed...
2019-08-24 00:05:46: 55.18% completed...
2019-08-24 00:05:47: 60.20% completed...
2019-08-24 00:05:47: 65.22% completed...
2019-08-24 00:05:47: 70.24% completed...
2019-08-24 00:05:48: 75.25% completed...
2019-08-24 00:05:48: 80.27% completed...
2019-08-24 00:05:49: 85.29% completed...
2019-08-24 00:05:49: 90.30% completed...
2019-08-24 00:05:49: 95.32% completed...
2019-08-24 00:05:50: 100.00% completed.
2019-08-24 00:05:50: End of calculation.
2019-08-24 00:05:50: Total calculation time: 7708 ms.
