Collapsing the species tree...
Finish collapsing. The collapsed species tree was written to collapsed.tre
Launching tripRoot. Using collapsed.tre as reference
Processing tree 1
Degree: 3
Optimal triplet score: 2145
Processing tree 2
Degree: 3
Optimal triplet score: 2145
Processing tree 3
Degree: 3
Optimal triplet score: 2145
Processing tree 4
Degree: 3
Optimal triplet score: 2145
Processing tree 5
Degree: 3
Optimal triplet score: 2145
Processing tree 6
Degree: 3
Optimal triplet score: 2145
Processing tree 7
Degree: 3
Optimal triplet score: 2145
Processing tree 8
Degree: 3
Optimal triplet score: 2145
Processing tree 9
Degree: 3
Optimal triplet score: 2145
Processing tree 10
Degree: 3
Optimal triplet score: 2141
Processing tree 11
Degree: 3
Optimal triplet score: 2145
Processing tree 12
Degree: 3
Optimal triplet score: 2145
Processing tree 13
Degree: 3
Optimal triplet score: 2145
Processing tree 14
Degree: 3
Optimal triplet score: 2142
Processing tree 15
Degree: 3
Optimal triplet score: 2145
Processing tree 16
Degree: 3
Optimal triplet score: 2141
Processing tree 17
Degree: 3
Optimal triplet score: 2145
Processing tree 18
Degree: 3
Optimal triplet score: 2145
Processing tree 19
Degree: 3
Optimal triplet score: 2141
Processing tree 20
Degree: 3
Optimal triplet score: 2145
Processing tree 21
Degree: 3
Optimal triplet score: 2145
Processing tree 22
Degree: 3
Optimal triplet score: 2145
Processing tree 23
Degree: 3
Optimal triplet score: 2145
Processing tree 24
Degree: 3
Optimal triplet score: 2145
Processing tree 25
Degree: 3
Optimal triplet score: 2145
Processing tree 26
Degree: 3
Optimal triplet score: 2145
Processing tree 27
Degree: 3
Optimal triplet score: 2144
Processing tree 28
Degree: 3
Optimal triplet score: 2145
Processing tree 29
Degree: 3
Optimal triplet score: 2145
Processing tree 30
Degree: 3
Optimal triplet score: 1995
Processing tree 31
Degree: 3
Optimal triplet score: 2145
Processing tree 32
Degree: 3
Optimal triplet score: 2145
Processing tree 33
Degree: 3
Optimal triplet score: 2145
Processing tree 34
Degree: 3
Optimal triplet score: 2145
Processing tree 35
Degree: 3
Optimal triplet score: 2145
Processing tree 36
Degree: 3
Optimal triplet score: 2144
Processing tree 37
Degree: 3
Optimal triplet score: 2145
Processing tree 38
Degree: 3
Optimal triplet score: 2145
Processing tree 39
Degree: 3
Optimal triplet score: 2145
Processing tree 40
Degree: 3
Optimal triplet score: 2142
Processing tree 41
Degree: 3
Optimal triplet score: 2145
Processing tree 42
Degree: 3
Optimal triplet score: 2145
Processing tree 43
Degree: 3
Optimal triplet score: 2145
Processing tree 44
Degree: 3
Optimal triplet score: 2145
Processing tree 45
Degree: 3
Optimal triplet score: 2145
Processing tree 46
Degree: 3
Optimal triplet score: 2145
Processing tree 47
Degree: 3
Optimal triplet score: 2014
Processing tree 48
Degree: 3
Optimal triplet score: 2145
Processing tree 49
Degree: 3
Optimal triplet score: 2142
Processing tree 50
Degree: 3
Optimal triplet score: 2145
Processing tree 51
Degree: 3
Optimal triplet score: 2145
Processing tree 52
Degree: 3
Optimal triplet score: 2145
Processing tree 53
Degree: 3
Optimal triplet score: 2145
Processing tree 54
Degree: 3
Optimal triplet score: 2145
Processing tree 55
Degree: 3
Optimal triplet score: 2145
Processing tree 56
Degree: 3
Optimal triplet score: 2145
Processing tree 57
Degree: 3
Optimal triplet score: 2145
Processing tree 58
Degree: 3
Optimal triplet score: 2145
Processing tree 59
Degree: 3
Optimal triplet score: 2145
Processing tree 60
Degree: 3
Optimal triplet score: 2145
Processing tree 61
Degree: 3
Optimal triplet score: 2145
Processing tree 62
Degree: 3
Optimal triplet score: 2145
Processing tree 63
Degree: 3
Optimal triplet score: 2145
Processing tree 64
Degree: 3
Optimal triplet score: 2142
Processing tree 65
Degree: 3
Optimal triplet score: 2145
Processing tree 66
Degree: 3
Optimal triplet score: 2145
Processing tree 67
Degree: 3
Optimal triplet score: 2145
Processing tree 68
Degree: 3
Optimal triplet score: 1995
Processing tree 69
Degree: 3
Optimal triplet score: 2145
Processing tree 70
Degree: 3
Optimal triplet score: 2145
Processing tree 71
Degree: 3
Optimal triplet score: 2145
Processing tree 72
Degree: 3
Optimal triplet score: 2145
Processing tree 73
Degree: 3
Optimal triplet score: 2145
Processing tree 74
Degree: 3
Optimal triplet score: 2144
Processing tree 75
Degree: 3
Optimal triplet score: 2145
Processing tree 76
Degree: 3
Optimal triplet score: 2145
Processing tree 77
Degree: 3
Optimal triplet score: 2145
Processing tree 78
Degree: 3
Optimal triplet score: 2145
Processing tree 79
Degree: 3
Optimal triplet score: 2142
Processing tree 80
Degree: 3
Optimal triplet score: 2145
Processing tree 81
Degree: 3
Optimal triplet score: 2145
Processing tree 82
Degree: 3
Optimal triplet score: 2145
Processing tree 83
Degree: 3
Optimal triplet score: 2145
Processing tree 84
Degree: 3
Optimal triplet score: 2145
Processing tree 85
Degree: 3
Optimal triplet score: 2145
Processing tree 86
Degree: 3
Optimal triplet score: 2145
Processing tree 87
Degree: 3
Optimal triplet score: 2145
Processing tree 88
Degree: 3
Optimal triplet score: 2145
Processing tree 89
Degree: 3
Optimal triplet score: 2145
Processing tree 90
Degree: 3
Optimal triplet score: 2145
Processing tree 91
Degree: 3
Optimal triplet score: 2145
Processing tree 92
Degree: 3
Optimal triplet score: 2145
Processing tree 93
Degree: 3
Optimal triplet score: 2145
Processing tree 94
Degree: 3
Optimal triplet score: 1995
Processing tree 95
Degree: 3
Optimal triplet score: 2145
Processing tree 96
Degree: 3
Optimal triplet score: 2145
Processing tree 97
Degree: 3
Optimal triplet score: 2145
Processing tree 98
Degree: 3
Optimal triplet score: 2145
Processing tree 99
Degree: 3
Optimal triplet score: 2139
Processing tree 100
Degree: 3
Optimal triplet score: 2145
Processing tree 101
Degree: 3
Optimal triplet score: 2145
Processing tree 102
Degree: 3
Optimal triplet score: 2073
Processing tree 103
Degree: 3
Optimal triplet score: 2145
Processing tree 104
Degree: 3
Optimal triplet score: 2145
Processing tree 105
Degree: 3
Optimal triplet score: 2145
Processing tree 106
Degree: 3
Optimal triplet score: 2145
Processing tree 107
Degree: 3
Optimal triplet score: 2145
Processing tree 108
Degree: 3
Optimal triplet score: 2142
Processing tree 109
Degree: 3
Optimal triplet score: 2145
Processing tree 110
Degree: 3
Optimal triplet score: 2145
Processing tree 111
Degree: 3
Optimal triplet score: 2145
Processing tree 112
Degree: 3
Optimal triplet score: 2145
Processing tree 113
Degree: 3
Optimal triplet score: 2145
Processing tree 114
Degree: 3
Optimal triplet score: 2142
Processing tree 115
Degree: 3
Optimal triplet score: 2145
Processing tree 116
Degree: 3
Optimal triplet score: 2145
Processing tree 117
Degree: 3
Optimal triplet score: 2145
Processing tree 118
Degree: 3
Optimal triplet score: 2145
Processing tree 119
Degree: 3
Optimal triplet score: 2141
Processing tree 120
Degree: 3
Optimal triplet score: 2145
Processing tree 121
Degree: 3
Optimal triplet score: 2145
Processing tree 122
Degree: 3
Optimal triplet score: 2145
Processing tree 123
Degree: 3
Optimal triplet score: 2031
Processing tree 124
Degree: 3
Optimal triplet score: 2145
Processing tree 125
Degree: 3
Optimal triplet score: 2145
Processing tree 126
Degree: 3
Optimal triplet score: 2145
Processing tree 127
Degree: 3
Optimal triplet score: 2145
Processing tree 128
Degree: 3
Optimal triplet score: 2145
Processing tree 129
Degree: 3
Optimal triplet score: 2145
Processing tree 130
Degree: 3
Optimal triplet score: 2144
Processing tree 131
Degree: 3
Optimal triplet score: 2145
Processing tree 132
Degree: 3
Optimal triplet score: 2145
Processing tree 133
Degree: 3
Optimal triplet score: 2145
Processing tree 134
Degree: 3
Optimal triplet score: 2014
Processing tree 135
Degree: 3
Optimal triplet score: 2141
Processing tree 136
Degree: 3
Optimal triplet score: 2142
Processing tree 137
Degree: 3
Optimal triplet score: 2145
Processing tree 138
Degree: 3
Optimal triplet score: 2145
Processing tree 139
Degree: 3
Optimal triplet score: 2145
Processing tree 140
Degree: 3
Optimal triplet score: 2141
Processing tree 141
Degree: 3
Optimal triplet score: 2145
Processing tree 142
Degree: 3
Optimal triplet score: 2145
Processing tree 143
Degree: 3
Optimal triplet score: 2145
Processing tree 144
Degree: 3
Optimal triplet score: 2145
Processing tree 145
Degree: 3
Optimal triplet score: 2010
Processing tree 146
Degree: 3
Optimal triplet score: 2145
Processing tree 147
Degree: 3
Optimal triplet score: 2142
Processing tree 148
Degree: 3
Optimal triplet score: 1995
Processing tree 149
Degree: 3
Optimal triplet score: 2145
Processing tree 150
Degree: 3
Optimal triplet score: 2145
Processing tree 151
Degree: 3
Optimal triplet score: 2145
Processing tree 152
Degree: 3
Optimal triplet score: 2145
Processing tree 153
Degree: 3
Optimal triplet score: 2145
Processing tree 154
Degree: 3
Optimal triplet score: 2142
Processing tree 155
Degree: 3
Optimal triplet score: 2145
Processing tree 156
Degree: 3
Optimal triplet score: 2142
Processing tree 157
Degree: 3
Optimal triplet score: 2145
Processing tree 158
Degree: 3
Optimal triplet score: 2141
Processing tree 159
Degree: 3
Optimal triplet score: 2145
Processing tree 160
Degree: 3
Optimal triplet score: 2145
Processing tree 161
Degree: 3
Optimal triplet score: 2145
Processing tree 162
Degree: 3
Optimal triplet score: 2145
Processing tree 163
Degree: 3
Optimal triplet score: 2145
Processing tree 164
Degree: 3
Optimal triplet score: 2014
Processing tree 165
Degree: 3
Optimal triplet score: 2145
Processing tree 166
Degree: 3
Optimal triplet score: 1995
Processing tree 167
Degree: 3
Optimal triplet score: 2145
Processing tree 168
Degree: 3
Optimal triplet score: 2145
Processing tree 169
Degree: 3
Optimal triplet score: 2145
Processing tree 170
Degree: 3
Optimal triplet score: 1992
Processing tree 171
Degree: 3
Optimal triplet score: 2145
Processing tree 172
Degree: 3
Optimal triplet score: 2145
Processing tree 173
Degree: 3
Optimal triplet score: 2109
Processing tree 174
Degree: 3
Optimal triplet score: 1995
Processing tree 175
Degree: 3
Optimal triplet score: 2145
Processing tree 176
Degree: 3
Optimal triplet score: 2145
Processing tree 177
Degree: 3
Optimal triplet score: 2109
Processing tree 178
Degree: 3
Optimal triplet score: 2145
Processing tree 179
Degree: 3
Optimal triplet score: 2145
Processing tree 180
Degree: 3
Optimal triplet score: 2145
Processing tree 181
Degree: 3
Optimal triplet score: 2145
Processing tree 182
Degree: 3
Optimal triplet score: 2140
Processing tree 183
Degree: 3
Optimal triplet score: 2144
Processing tree 184
Degree: 3
Optimal triplet score: 2145
Processing tree 185
Degree: 3
Optimal triplet score: 2145
Processing tree 186
Degree: 3
Optimal triplet score: 2145
Processing tree 187
Degree: 3
Optimal triplet score: 2145
Processing tree 188
Degree: 3
Optimal triplet score: 2145
Processing tree 189
Degree: 3
Optimal triplet score: 2145
Processing tree 190
Degree: 3
Optimal triplet score: 2145
Processing tree 191
Degree: 3
Optimal triplet score: 1995
Processing tree 192
Degree: 3
Optimal triplet score: 2014
Processing tree 193
Degree: 3
Optimal triplet score: 2145
Processing tree 194
Degree: 3
Optimal triplet score: 2145
Processing tree 195
Degree: 3
Optimal triplet score: 2145
Processing tree 196
Degree: 3
Optimal triplet score: 2145
Processing tree 197
Degree: 3
Optimal triplet score: 2145
Processing tree 198
Degree: 3
Optimal triplet score: 2142
Processing tree 199
Degree: 3
Optimal triplet score: 2141
Processing tree 200
Degree: 3
Optimal triplet score: 2145
Processing tree 201
Degree: 3
Optimal triplet score: 2142
Processing tree 202
Degree: 3
Optimal triplet score: 2145
Processing tree 203
Degree: 3
Optimal triplet score: 2014
Processing tree 204
Degree: 3
Optimal triplet score: 2145
Processing tree 205
Degree: 3
Optimal triplet score: 2145
Processing tree 206
Degree: 3
Optimal triplet score: 2145
Processing tree 207
Degree: 3
Optimal triplet score: 2144
Processing tree 208
Degree: 3
Optimal triplet score: 2145
Processing tree 209
Degree: 3
Optimal triplet score: 2145
Processing tree 210
Degree: 3
Optimal triplet score: 2145
Processing tree 211
Degree: 3
Optimal triplet score: 2145
Processing tree 212
Degree: 3
Optimal triplet score: 2145
Processing tree 213
Degree: 3
Optimal triplet score: 2145
Processing tree 214
Degree: 3
Optimal triplet score: 2145
Processing tree 215
Degree: 3
Optimal triplet score: 2145
Processing tree 216
Degree: 3
Optimal triplet score: 2145
Processing tree 217
Degree: 3
Optimal triplet score: 2145
Processing tree 218
Degree: 3
Optimal triplet score: 2145
Processing tree 219
Degree: 3
Optimal triplet score: 2145
Processing tree 220
Degree: 3
Optimal triplet score: 2145
Processing tree 221
Degree: 3
Optimal triplet score: 2145
Processing tree 222
Degree: 3
Optimal triplet score: 2145
Processing tree 223
Degree: 3
Optimal triplet score: 2145
Processing tree 224
Degree: 3
Optimal triplet score: 2145
Processing tree 225
Degree: 3
Optimal triplet score: 2145
Processing tree 226
Degree: 3
Optimal triplet score: 2145
Processing tree 227
Degree: 3
Optimal triplet score: 2145
Processing tree 228
Degree: 3
Optimal triplet score: 2145
Processing tree 229
Degree: 3
Optimal triplet score: 2145
Processing tree 230
Degree: 3
Optimal triplet score: 2145
Processing tree 231
Degree: 3
Optimal triplet score: 2145
Processing tree 232
Degree: 3
Optimal triplet score: 2142
Processing tree 233
Degree: 3
Optimal triplet score: 2145
Processing tree 234
Degree: 3
Optimal triplet score: 2145
Processing tree 235
Degree: 3
Optimal triplet score: 2145
Processing tree 236
Degree: 3
Optimal triplet score: 2109
Processing tree 237
Degree: 3
Optimal triplet score: 2145
Processing tree 238
Degree: 3
Optimal triplet score: 2145
Processing tree 239
Degree: 3
Optimal triplet score: 2145
Processing tree 240
Degree: 3
Optimal triplet score: 2145
Processing tree 241
Degree: 3
Optimal triplet score: 2145
Processing tree 242
Degree: 3
Optimal triplet score: 2145
Processing tree 243
Degree: 3
Optimal triplet score: 2145
Processing tree 244
Degree: 3
Optimal triplet score: 2145
Processing tree 245
Degree: 3
Optimal triplet score: 2145
Processing tree 246
Degree: 3
Optimal triplet score: 2145
Processing tree 247
Degree: 3
Optimal triplet score: 2145
Processing tree 248
Degree: 3
Optimal triplet score: 2145
Processing tree 249
Degree: 3
Optimal triplet score: 2145
Processing tree 250
Degree: 3
Optimal triplet score: 2145
Processing tree 251
Degree: 3
Optimal triplet score: 2145
Processing tree 252
Degree: 3
Optimal triplet score: 2145
Processing tree 253
Degree: 3
Optimal triplet score: 2145
Processing tree 254
Degree: 3
Optimal triplet score: 2142
Processing tree 255
Degree: 3
Optimal triplet score: 2142
Processing tree 256
Degree: 3
Optimal triplet score: 2145
Processing tree 257
Degree: 3
Optimal triplet score: 2145
Processing tree 258
Degree: 3
Optimal triplet score: 2145
Processing tree 259
Degree: 3
Optimal triplet score: 2145
Processing tree 260
Degree: 3
Optimal triplet score: 2145
Processing tree 261
Degree: 3
Optimal triplet score: 2145
Processing tree 262
Degree: 3
Optimal triplet score: 2142
Processing tree 263
Degree: 3
Optimal triplet score: 2145
Processing tree 264
Degree: 3
Optimal triplet score: 2142
Processing tree 265
Degree: 3
Optimal triplet score: 2142
Processing tree 266
Degree: 3
Optimal triplet score: 2145
Processing tree 267
Degree: 3
Optimal triplet score: 2145
Processing tree 268
Degree: 3
Optimal triplet score: 2145
Processing tree 269
Degree: 3
Optimal triplet score: 2145
Processing tree 270
Degree: 3
Optimal triplet score: 2144
Processing tree 271
Degree: 3
Optimal triplet score: 2141
Processing tree 272
Degree: 3
Optimal triplet score: 2145
Processing tree 273
Degree: 3
Optimal triplet score: 2145
Processing tree 274
Degree: 3
Optimal triplet score: 2145
Processing tree 275
Degree: 3
Optimal triplet score: 2014
Processing tree 276
Degree: 3
Optimal triplet score: 2145
Processing tree 277
Degree: 3
Optimal triplet score: 2142
Processing tree 278
Degree: 3
Optimal triplet score: 2142
Processing tree 279
Degree: 3
Optimal triplet score: 2141
Processing tree 280
Degree: 3
Optimal triplet score: 2144
Processing tree 281
Degree: 3
Optimal triplet score: 2145
Processing tree 282
Degree: 3
Optimal triplet score: 2145
Processing tree 283
Degree: 3
Optimal triplet score: 2145
Processing tree 284
Degree: 3
Optimal triplet score: 2145
Processing tree 285
Degree: 3
Optimal triplet score: 1991
Processing tree 286
Degree: 3
Optimal triplet score: 2145
Processing tree 287
Degree: 3
Optimal triplet score: 2145
Processing tree 288
Degree: 3
Optimal triplet score: 2145
Processing tree 289
Degree: 3
Optimal triplet score: 2145
Processing tree 290
Degree: 3
Optimal triplet score: 2145
Processing tree 291
Degree: 3
Optimal triplet score: 2145
Processing tree 292
Degree: 3
Optimal triplet score: 2145
Processing tree 293
Degree: 3
Optimal triplet score: 2145
Processing tree 294
Degree: 3
Optimal triplet score: 2145
Processing tree 295
Degree: 3
Optimal triplet score: 2145
Processing tree 296
Degree: 3
Optimal triplet score: 2145
Processing tree 297
Degree: 3
Optimal triplet score: 2145
Processing tree 298
Degree: 3
Optimal triplet score: 2145
Processing tree 299
Degree: 3
Optimal triplet score: 2145
Processing tree 300
Degree: 3
Optimal triplet score: 2145
Processing tree 301
Degree: 3
Optimal triplet score: 2145
Processing tree 302
Degree: 3
Optimal triplet score: 2145
Processing tree 303
Degree: 3
Optimal triplet score: 2145
Processing tree 304
Degree: 3
Optimal triplet score: 2145
Processing tree 305
Degree: 3
Optimal triplet score: 2145
Processing tree 306
Degree: 3
Optimal triplet score: 2145
Processing tree 307
Degree: 3
Optimal triplet score: 2145
Processing tree 308
Degree: 3
Optimal triplet score: 2145
Processing tree 309
Degree: 3
Optimal triplet score: 2145
Processing tree 310
Degree: 3
Optimal triplet score: 2145
Processing tree 311
Degree: 3
Optimal triplet score: 2145
Processing tree 312
Degree: 3
Optimal triplet score: 2145
Processing tree 313
Degree: 3
Optimal triplet score: 2145
Processing tree 314
Degree: 3
Optimal triplet score: 2145
Processing tree 315
Degree: 3
Optimal triplet score: 2145
Processing tree 316
Degree: 3
Optimal triplet score: 2145
Processing tree 317
Degree: 3
Optimal triplet score: 2145
Processing tree 318
Degree: 3
Optimal triplet score: 2141
Processing tree 319
Degree: 3
Optimal triplet score: 2145
Processing tree 320
Degree: 3
Optimal triplet score: 2105
Processing tree 321
Degree: 3
Optimal triplet score: 2145
Processing tree 322
Degree: 3
Optimal triplet score: 2145
Processing tree 323
Degree: 3
Optimal triplet score: 2145
Processing tree 324
Degree: 3
Optimal triplet score: 2145
Processing tree 325
Degree: 3
Optimal triplet score: 2142
Processing tree 326
Degree: 3
Optimal triplet score: 2145
Processing tree 327
Degree: 3
Optimal triplet score: 2145
Processing tree 328
Degree: 3
Optimal triplet score: 2145
Processing tree 329
Degree: 3
Optimal triplet score: 2140
Processing tree 330
Degree: 3
Optimal triplet score: 2145
Processing tree 331
Degree: 3
Optimal triplet score: 2142
Processing tree 332
Degree: 3
Optimal triplet score: 2145
Processing tree 333
Degree: 3
Optimal triplet score: 2144
Processing tree 334
Degree: 3
Optimal triplet score: 2145
Processing tree 335
Degree: 3
Optimal triplet score: 2145
Processing tree 336
Degree: 3
Optimal triplet score: 2145
Processing tree 337
Degree: 3
Optimal triplet score: 2145
Processing tree 338
Degree: 3
Optimal triplet score: 2145
Processing tree 339
Degree: 3
Optimal triplet score: 2145
Processing tree 340
Degree: 3
Optimal triplet score: 2145
Processing tree 341
Degree: 3
Optimal triplet score: 2145
Processing tree 342
Degree: 3
Optimal triplet score: 2145
Processing tree 343
Degree: 3
Optimal triplet score: 1995
Processing tree 344
Degree: 3
Optimal triplet score: 2145
Processing tree 345
Degree: 3
Optimal triplet score: 2145
Processing tree 346
Degree: 3
Optimal triplet score: 2145
Processing tree 347
Degree: 3
Optimal triplet score: 2145
Processing tree 348
Degree: 3
Optimal triplet score: 2145
Processing tree 349
Degree: 3
Optimal triplet score: 2145
Processing tree 350
Degree: 3
Optimal triplet score: 2142
Processing tree 351
Degree: 3
Optimal triplet score: 2145
Processing tree 352
Degree: 3
Optimal triplet score: 2144
Processing tree 353
Degree: 3
Optimal triplet score: 2145
Processing tree 354
Degree: 3
Optimal triplet score: 2145
Processing tree 355
Degree: 3
Optimal triplet score: 2145
Processing tree 356
Degree: 3
Optimal triplet score: 2145
Processing tree 357
Degree: 3
Optimal triplet score: 2144
Processing tree 358
Degree: 3
Optimal triplet score: 2145
Processing tree 359
Degree: 3
Optimal triplet score: 2141
Processing tree 360
Degree: 3
Optimal triplet score: 2145
Processing tree 361
Degree: 3
Optimal triplet score: 2145
Processing tree 362
Degree: 3
Optimal triplet score: 2145
Processing tree 363
Degree: 3
Optimal triplet score: 2145
Processing tree 364
Degree: 3
Optimal triplet score: 2145
Processing tree 365
Degree: 3
Optimal triplet score: 2145
Processing tree 366
Degree: 3
Optimal triplet score: 1995
Processing tree 367
Degree: 3
Optimal triplet score: 2143
Processing tree 368
Degree: 3
Optimal triplet score: 2142
Processing tree 369
Degree: 3
Optimal triplet score: 2145
Processing tree 370
Degree: 3
Optimal triplet score: 2145
Processing tree 371
Degree: 3
Optimal triplet score: 2144
Processing tree 372
Degree: 3
Optimal triplet score: 2145
Processing tree 373
Degree: 3
Optimal triplet score: 2145
Processing tree 374
Degree: 3
Optimal triplet score: 2144
Processing tree 375
Degree: 3
Optimal triplet score: 2145
Processing tree 376
Degree: 3
Optimal triplet score: 2145
Processing tree 377
Degree: 3
Optimal triplet score: 2145
Processing tree 378
Degree: 3
Optimal triplet score: 2145
Processing tree 379
Degree: 3
Optimal triplet score: 2145
Processing tree 380
Degree: 3
Optimal triplet score: 2145
Processing tree 381
Degree: 3
Optimal triplet score: 2142
Processing tree 382
Degree: 3
Optimal triplet score: 2142
Processing tree 383
Degree: 3
Optimal triplet score: 2145
Processing tree 384
Degree: 3
Optimal triplet score: 2145
Processing tree 385
Degree: 3
Optimal triplet score: 2145
Processing tree 386
Degree: 3
Optimal triplet score: 2141
Processing tree 387
Degree: 3
Optimal triplet score: 2145
Processing tree 388
Degree: 3
Optimal triplet score: 2145
Processing tree 389
Degree: 3
Optimal triplet score: 1995
Processing tree 390
Degree: 3
Optimal triplet score: 2145
Processing tree 391
Degree: 3
Optimal triplet score: 2145
Processing tree 392
Degree: 3
Optimal triplet score: 2145
Processing tree 393
Degree: 3
Optimal triplet score: 2145
Processing tree 394
Degree: 3
Optimal triplet score: 2142
Processing tree 395
Degree: 3
Optimal triplet score: 2145
Processing tree 396
Degree: 3
Optimal triplet score: 2145
Processing tree 397
Degree: 3
Optimal triplet score: 2142
Processing tree 398
Degree: 3
Optimal triplet score: 2145
Processing tree 399
Degree: 3
Optimal triplet score: 2145
Processing tree 400
Degree: 3
Optimal triplet score: 2064
Processing tree 401
Degree: 3
Optimal triplet score: 2145
Processing tree 402
Degree: 3
Optimal triplet score: 2145
Processing tree 403
Degree: 3
Optimal triplet score: 2145
Processing tree 404
Degree: 3
Optimal triplet score: 2031
Processing tree 405
Degree: 3
Optimal triplet score: 2141
Processing tree 406
Degree: 3
Optimal triplet score: 2145
Processing tree 407
Degree: 3
Optimal triplet score: 2141
Processing tree 408
Degree: 3
Optimal triplet score: 2145
Processing tree 409
Degree: 3
Optimal triplet score: 2145
Processing tree 410
Degree: 3
Optimal triplet score: 2145
Processing tree 411
Degree: 3
Optimal triplet score: 2145
Processing tree 412
Degree: 3
Optimal triplet score: 2145
Processing tree 413
Degree: 3
Optimal triplet score: 2142
Processing tree 414
Degree: 3
Optimal triplet score: 2145
Processing tree 415
Degree: 3
Optimal triplet score: 2145
Processing tree 416
Degree: 3
Optimal triplet score: 2145
Processing tree 417
Degree: 3
Optimal triplet score: 2144
Processing tree 418
Degree: 3
Optimal triplet score: 2145
Processing tree 419
Degree: 3
Optimal triplet score: 2145
Processing tree 420
Degree: 3
Optimal triplet score: 2145
Processing tree 421
Degree: 3
Optimal triplet score: 2145
Processing tree 422
Degree: 3
Optimal triplet score: 2145
Processing tree 423
Degree: 3
Optimal triplet score: 2142
Processing tree 424
Degree: 3
Optimal triplet score: 2145
Processing tree 425
Degree: 3
Optimal triplet score: 2144
Processing tree 426
Degree: 3
Optimal triplet score: 2145
Processing tree 427
Degree: 3
Optimal triplet score: 2145
Processing tree 428
Degree: 3
Optimal triplet score: 2145
Processing tree 429
Degree: 3
Optimal triplet score: 2144
Processing tree 430
Degree: 3
Optimal triplet score: 2145
Processing tree 431
Degree: 3
Optimal triplet score: 2145
Processing tree 432
Degree: 3
Optimal triplet score: 2145
Processing tree 433
Degree: 3
Optimal triplet score: 2145
Processing tree 434
Degree: 3
Optimal triplet score: 2145
Processing tree 435
Degree: 3
Optimal triplet score: 2145
Processing tree 436
Degree: 3
Optimal triplet score: 2145
Processing tree 437
Degree: 3
Optimal triplet score: 2145
Processing tree 438
Degree: 3
Optimal triplet score: 2145
Processing tree 439
Degree: 3
Optimal triplet score: 2144
Processing tree 440
Degree: 3
Optimal triplet score: 2142
Processing tree 441
Degree: 3
Optimal triplet score: 2145
Processing tree 442
Degree: 3
Optimal triplet score: 2142
Processing tree 443
Degree: 3
Optimal triplet score: 2145
Processing tree 444
Degree: 3
Optimal triplet score: 2145
Processing tree 445
Degree: 3
Optimal triplet score: 2145
Processing tree 446
Degree: 3
Optimal triplet score: 2145
Processing tree 447
Degree: 3
Optimal triplet score: 2145
Processing tree 448
Degree: 3
Optimal triplet score: 2145
Processing tree 449
Degree: 3
Optimal triplet score: 2145
Processing tree 450
Degree: 3
Optimal triplet score: 2014
Processing tree 451
Degree: 3
Optimal triplet score: 2145
Processing tree 452
Degree: 3
Optimal triplet score: 2142
Processing tree 453
Degree: 3
Optimal triplet score: 2145
Processing tree 454
Degree: 3
Optimal triplet score: 2145
Processing tree 455
Degree: 3
Optimal triplet score: 1995
Processing tree 456
Degree: 3
Optimal triplet score: 2145
Processing tree 457
Degree: 3
Optimal triplet score: 2145
Processing tree 458
Degree: 3
Optimal triplet score: 2145
Processing tree 459
Degree: 3
Optimal triplet score: 2142
Processing tree 460
Degree: 3
Optimal triplet score: 2144
Processing tree 461
Degree: 3
Optimal triplet score: 2145
Processing tree 462
Degree: 3
Optimal triplet score: 2138
Processing tree 463
Degree: 3
Optimal triplet score: 2142
Processing tree 464
Degree: 3
Optimal triplet score: 1995
Processing tree 465
Degree: 3
Optimal triplet score: 2142
Processing tree 466
Degree: 3
Optimal triplet score: 2145
Processing tree 467
Degree: 3
Optimal triplet score: 2142
Processing tree 468
Degree: 3
Optimal triplet score: 2145
Processing tree 469
Degree: 3
Optimal triplet score: 2142
Processing tree 470
Degree: 3
Optimal triplet score: 1995
Processing tree 471
Degree: 3
Optimal triplet score: 2145
Processing tree 472
Degree: 3
Optimal triplet score: 2145
Processing tree 473
Degree: 3
Optimal triplet score: 1992
Processing tree 474
Degree: 3
Optimal triplet score: 2145
Processing tree 475
Degree: 3
Optimal triplet score: 2145
Processing tree 476
Degree: 3
Optimal triplet score: 2145
Processing tree 477
Degree: 3
Optimal triplet score: 2145
Processing tree 478
Degree: 3
Optimal triplet score: 2145
Processing tree 479
Degree: 3
Optimal triplet score: 2145
Processing tree 480
Degree: 3
Optimal triplet score: 2145
Processing tree 481
Degree: 3
Optimal triplet score: 2145
Processing tree 482
Degree: 3
Optimal triplet score: 2145
Processing tree 483
Degree: 3
Optimal triplet score: 2145
Processing tree 484
Degree: 3
Optimal triplet score: 2145
Processing tree 485
Degree: 3
Optimal triplet score: 2142
Processing tree 486
Degree: 3
Optimal triplet score: 2145
Processing tree 487
Degree: 3
Optimal triplet score: 2145
Processing tree 488
Degree: 3
Optimal triplet score: 2145
Processing tree 489
Degree: 3
Optimal triplet score: 2145
Processing tree 490
Degree: 3
Optimal triplet score: 2145
Processing tree 491
Degree: 3
Optimal triplet score: 2145
Processing tree 492
Degree: 3
Optimal triplet score: 2141
Processing tree 493
Degree: 3
Optimal triplet score: 2145
Processing tree 494
Degree: 3
Optimal triplet score: 2144
Processing tree 495
Degree: 3
Optimal triplet score: 2145
Processing tree 496
Degree: 3
Optimal triplet score: 2145
Processing tree 497
Degree: 3
Optimal triplet score: 2141
Processing tree 498
Degree: 3
Optimal triplet score: 2144
Processing tree 499
Degree: 3
Optimal triplet score: 2145
Processing tree 500
Degree: 3
Optimal triplet score: 2145
Finish tripRoot. Rooted trees were written to truegenetrees_tripRoot.trees
