TreeCmp version 1.0-b291

Active options:
Type of the analysis: matrix comparison mode (-m)
Metrics:
  1. MatchingCluster (mc)
Input file: xencan_MP.trees
Output file: xencan_MP.dmc_pairs
Additional options:
N - Report normalized distances.
P - Prune compared trees if needed (trees can have different leaf sets).
-----
2019-08-23 18:00:34: Start of reading random statistics.
2019-08-23 18:00:34: End of reading random statistics.
2019-08-23 18:00:34: Start of scanning input file: xencan_MP.trees
2019-08-23 18:00:35: End of scanning input file: xencan_MP.trees
2019-08-23 18:00:35: 212 valid trees found in file: xencan_MP.trees
2019-08-23 18:00:35: Start of calculation...please wait...
2019-08-23 18:00:35: 0.00% completed...
2019-08-23 18:00:37: 5.00% completed...
2019-08-23 18:00:37: 10.01% completed...
2019-08-23 18:00:38: 15.01% completed...
2019-08-23 18:00:38: 20.01% completed...
2019-08-23 18:00:39: 25.02% completed...
2019-08-23 18:00:39: 30.02% completed...
2019-08-23 18:00:39: 35.02% completed...
2019-08-23 18:00:40: 40.03% completed...
2019-08-23 18:00:40: 45.03% completed...
2019-08-23 18:00:41: 50.03% completed...
2019-08-23 18:00:41: 55.03% completed...
2019-08-23 18:00:42: 60.04% completed...
2019-08-23 18:00:42: 65.04% completed...
2019-08-23 18:00:43: 70.04% completed...
2019-08-23 18:00:43: 75.05% completed...
2019-08-23 18:00:44: 80.05% completed...
2019-08-23 18:00:44: 85.05% completed...
2019-08-23 18:00:44: 90.06% completed...
2019-08-23 18:00:45: 95.06% completed...
2019-08-23 18:00:45: 100.00% completed.
2019-08-23 18:00:45: End of calculation.
2019-08-23 18:00:45: Total calculation time: 10524 ms.
