TreeCmp version 1.0-b291

Active options:
Type of the analysis: matrix comparison mode (-m)
Metrics:
  1. MatchingCluster (mc)
Input file: xencan_MV.trees
Output file: xencan_MV.dmc_pairs
Additional options:
N - Report normalized distances.
P - Prune compared trees if needed (trees can have different leaf sets).
-----
2019-08-23 18:00:15: Start of reading random statistics.
2019-08-23 18:00:15: End of reading random statistics.
2019-08-23 18:00:15: Start of scanning input file: xencan_MV.trees
2019-08-23 18:00:15: End of scanning input file: xencan_MV.trees
2019-08-23 18:00:15: 212 valid trees found in file: xencan_MV.trees
2019-08-23 18:00:15: Start of calculation...please wait...
2019-08-23 18:00:15: 0.00% completed...
2019-08-23 18:00:17: 5.00% completed...
2019-08-23 18:00:17: 10.01% completed...
2019-08-23 18:00:18: 15.01% completed...
2019-08-23 18:00:18: 20.01% completed...
2019-08-23 18:00:18: 25.02% completed...
2019-08-23 18:00:19: 30.02% completed...
2019-08-23 18:00:19: 35.02% completed...
2019-08-23 18:00:20: 40.03% completed...
2019-08-23 18:00:20: 45.03% completed...
2019-08-23 18:00:20: 50.03% completed...
2019-08-23 18:00:21: 55.03% completed...
2019-08-23 18:00:21: 60.04% completed...
2019-08-23 18:00:22: 65.04% completed...
2019-08-23 18:00:22: 70.04% completed...
2019-08-23 18:00:22: 75.05% completed...
2019-08-23 18:00:23: 80.05% completed...
2019-08-23 18:00:23: 85.05% completed...
2019-08-23 18:00:23: 90.06% completed...
2019-08-23 18:00:24: 95.06% completed...
2019-08-23 18:00:24: 100.00% completed.
2019-08-23 18:00:24: End of calculation.
2019-08-23 18:00:24: Total calculation time: 9068 ms.
