TreeCmp version 1.0-b291

Active options:
Type of the analysis: matrix comparison mode (-m)
Metrics:
  1. MatchingCluster (mc)
Input file: xencan_OG.trees
Output file: xencan_OG.dmc_pairs
Additional options:
N - Report normalized distances.
P - Prune compared trees if needed (trees can have different leaf sets).
-----
2019-08-23 17:58:37: Start of reading random statistics.
2019-08-23 17:58:37: End of reading random statistics.
2019-08-23 17:58:37: Start of scanning input file: xencan_OG.trees
2019-08-23 17:58:37: End of scanning input file: xencan_OG.trees
2019-08-23 17:58:37: 212 valid trees found in file: xencan_OG.trees
2019-08-23 17:58:37: Start of calculation...please wait...
2019-08-23 17:58:37: 0.00% completed...
2019-08-23 17:58:39: 5.00% completed...
2019-08-23 17:58:39: 10.01% completed...
2019-08-23 17:58:40: 15.01% completed...
2019-08-23 17:58:40: 20.01% completed...
2019-08-23 17:58:41: 25.02% completed...
2019-08-23 17:58:41: 30.02% completed...
2019-08-23 17:58:42: 35.02% completed...
2019-08-23 17:58:42: 40.03% completed...
2019-08-23 17:58:43: 45.03% completed...
2019-08-23 17:58:43: 50.03% completed...
2019-08-23 17:58:44: 55.03% completed...
2019-08-23 17:58:44: 60.04% completed...
2019-08-23 17:58:44: 65.04% completed...
2019-08-23 17:58:45: 70.04% completed...
2019-08-23 17:58:45: 75.05% completed...
2019-08-23 17:58:46: 80.05% completed...
2019-08-23 17:58:46: 85.05% completed...
2019-08-23 17:58:47: 90.06% completed...
2019-08-23 17:58:47: 95.06% completed...
2019-08-23 17:58:48: 100.00% completed.
2019-08-23 17:58:48: End of calculation.
2019-08-23 17:58:48: Total calculation time: 10270 ms.
