TreeCmp version 1.0-b291

Active options:
Type of the analysis: matrix comparison mode (-m)
Metrics:
  1. MatchingCluster (mc)
Input file: xencan_tripRoot.trees
Output file: xencan_tripRoot.dmc_pairs
Additional options:
N - Report normalized distances.
P - Prune compared trees if needed (trees can have different leaf sets).
-----
2019-08-23 17:59:54: Start of reading random statistics.
2019-08-23 17:59:55: End of reading random statistics.
2019-08-23 17:59:55: Start of scanning input file: xencan_tripRoot.trees
2019-08-23 17:59:55: End of scanning input file: xencan_tripRoot.trees
2019-08-23 17:59:55: 212 valid trees found in file: xencan_tripRoot.trees
2019-08-23 17:59:55: Start of calculation...please wait...
2019-08-23 17:59:55: 0.00% completed...
2019-08-23 17:59:56: 5.00% completed...
2019-08-23 17:59:57: 10.01% completed...
2019-08-23 17:59:57: 15.01% completed...
2019-08-23 17:59:58: 20.01% completed...
2019-08-23 17:59:58: 25.02% completed...
2019-08-23 17:59:59: 30.02% completed...
2019-08-23 17:59:59: 35.02% completed...
2019-08-23 18:00:00: 40.03% completed...
2019-08-23 18:00:00: 45.03% completed...
2019-08-23 18:00:01: 50.03% completed...
2019-08-23 18:00:01: 55.03% completed...
2019-08-23 18:00:02: 60.04% completed...
2019-08-23 18:00:02: 65.04% completed...
2019-08-23 18:00:03: 70.04% completed...
2019-08-23 18:00:03: 75.05% completed...
2019-08-23 18:00:04: 80.05% completed...
2019-08-23 18:00:04: 85.05% completed...
2019-08-23 18:00:05: 90.06% completed...
2019-08-23 18:00:05: 95.06% completed...
2019-08-23 18:00:06: 100.00% completed.
2019-08-23 18:00:06: End of calculation.
2019-08-23 18:00:06: Total calculation time: 10924 ms.
