Processing tree 1
Uronema_sp didn't exist in second tree. Pruning it out from the first tree...
Removed
Supress unifurcation after removing leaf ...
Monomastix_opisthostigma didn't exist in second tree. Pruning it out from the first tree...
Removed
Nephroselmis_pyriformis didn't exist in second tree. Pruning it out from the first tree...
Removed
Supress unifurcation after removing leaf ...
Pyramimonas_parkeae didn't exist in second tree. Pruning it out from the first tree...
Removed
Supress unifurcation after removing leaf ...
Mesostigma_viride didn't exist in second tree. Pruning it out from the first tree...
Removed
Klebsormidium_subtile didn't exist in second tree. Pruning it out from the first tree...
Removed
Chlorokybus_atmophyticus didn't exist in second tree. Pruning it out from the first tree...
Removed
Supress unifurcation after removing leaf ...
Chaetosphaeridium_globosum didn't exist in second tree. Pruning it out from the first tree...
Removed
Supress unifurcation after removing leaf ...
Coleochaete_irregularis didn't exist in second tree. Pruning it out from the first tree...
Removed
Supress unifurcation after removing leaf ...
Coleochaete_scutata didn't exist in second tree. Pruning it out from the first tree...
Removed
Penium_margaritaceum didn't exist in second tree. Pruning it out from the first tree...
Removed
Supress unifurcation after removing leaf ...
Cosmarium_ochthodes didn't exist in second tree. Pruning it out from the first tree...
Removed
Supress unifurcation after removing leaf ...
Spirogyra_sp didn't exist in second tree. Pruning it out from the first tree...
Removed
Entransia_fimbriata didn't exist in second tree. Pruning it out from the first tree...
Removed
Netrium_digitus didn't exist in second tree. Pruning it out from the first tree...
Removed
Supress unifurcation after removing leaf ...
Mougeotia_sp didn't exist in second tree. Pruning it out from the first tree...
Removed
Supress unifurcation after removing leaf ...
Spirotaenia_minuta didn't exist in second tree. Pruning it out from the first tree...
Removed
Mesotaenium_endlicherianum didn't exist in second tree. Pruning it out from the first tree...
Removed
Roya_obtusa didn't exist in second tree. Pruning it out from the first tree...
Removed
Supress unifurcation after removing leaf ...
Cylindrocystis_brebissonii didn't exist in second tree. Pruning it out from the first tree...
Removed
Supress unifurcation after removing leaf ...
Nothoceros_aenigmaticus didn't exist in second tree. Pruning it out from the first tree...
Removed
Supress unifurcation after removing leaf ...
Nothoceros_vincentianus didn't exist in second tree. Pruning it out from the first tree...
Removed
Ceratodon_purpureus didn't exist in second tree. Pruning it out from the first tree...
Removed
Physcomitrella_patens didn't exist in second tree. Pruning it out from the first tree...
Removed
Supress unifurcation after removing leaf ...
Thuidium_delicatulum didn't exist in second tree. Pruning it out from the first tree...
Removed
Leucodon_brachypus didn't exist in second tree. Pruning it out from the first tree...
Removed
Anomodon_attenuatus didn't exist in second tree. Pruning it out from the first tree...
Removed
Supress unifurcation after removing leaf ...
Rhynchostegium_serrulatum didn't exist in second tree. Pruning it out from the first tree...
Removed
Supress unifurcation after removing leaf ...
Hedwigia_ciliata didn't exist in second tree. Pruning it out from the first tree...
Removed
Supress unifurcation after removing leaf ...
Bryum_argenteum didn't exist in second tree. Pruning it out from the first tree...
Removed
Supress unifurcation after removing leaf ...
Marchantia_polymorpha didn't exist in second tree. Pruning it out from the first tree...
Removed
Supress unifurcation after removing leaf ...
Bazzania_trilobata didn't exist in second tree. Pruning it out from the first tree...
Removed
Supress unifurcation after removing leaf ...
Selaginella_moellendorffii_1kp didn't exist in second tree. Pruning it out from the first tree...
Removed
Supress unifurcation after removing leaf ...
Dendrolycopodium_obscurum didn't exist in second tree. Pruning it out from the first tree...
Removed
Cycas_rumphii didn't exist in second tree. Pruning it out from the first tree...
Removed
Supress unifurcation after removing leaf ...
Populus_trichocarpa didn't exist in second tree. Pruning it out from the first tree...
Removed
Inula_helenium didn't exist in second tree. Pruning it out from the first tree...
Removed
Supress unifurcation after removing leaf ...
Zea_mays didn't exist in second tree. Pruning it out from the first tree...
Removed
Supress unifurcation after removing leaf ...
Sorghum_bicolor didn't exist in second tree. Pruning it out from the first tree...
Removed
Supress unifurcation after removing leaf ...
Equisetum_diffusum didn't exist in second tree. Pruning it out from the first tree...
Removed
Angiopteris_evecta didn't exist in second tree. Pruning it out from the first tree...
Removed
Ophioglossum_petiolatum didn't exist in second tree. Pruning it out from the first tree...
Removed
Supress unifurcation after removing leaf ...
Psilotum_nudum didn't exist in second tree. Pruning it out from the first tree...
Removed
Supress unifurcation after removing leaf ...
Degree: 4
Optimal triplet score: 25702
